<?xml version="1.0" encoding="UTF-8"?>
<testng-results skipped="0" failed="0" ignored="0" total="1" passed="1">
  <reporter-output>
  </reporter-output>
  <suite name="Default suite" duration-ms="51" started-at="2021-07-02T17:36:40Z" finished-at="2021-07-02T17:36:40Z">
    <groups>
    </groups>
    <test name="Default test" duration-ms="51" started-at="2021-07-02T17:36:40Z" finished-at="2021-07-02T17:36:40Z">
      <class name="com.test.Demotest">
        <test-method status="PASS" signature="test01()[pri:0, instance:com.test.Demotest@724af044]" name="test01" duration-ms="18" started-at="2021-07-02T23:06:40Z" finished-at="2021-07-02T23:06:40Z">
          <reporter-output>
          </reporter-output>
        </test-method> <!-- test01 -->
      </class> <!-- com.test.Demotest -->
    </test> <!-- Default test -->
  </suite> <!-- Default suite -->
</testng-results>
